#
# There is insufficient memory for the Java Runtime Environment to continue.
# Native memory allocation (mmap) failed to map 201326592 bytes for Failed to commit area from 0x0000000741600000 to 0x000000074d600000 of length 201326592.
# Possible reasons:
#   The system is out of physical RAM or swap space
#   The process is running with CompressedOops enabled, and the Java Heap may be blocking the growth of the native heap
# Possible solutions:
#   Reduce memory load on the system
#   Increase physical memory or swap space
#   Check if swap backing store is full
#   Decrease Java heap size (-Xmx/-Xms)
#   Decrease number of Java threads
#   Decrease Java thread stack sizes (-Xss)
#   Set larger code cache with -XX:ReservedCodeCacheSize=
# This output file may be truncated or incomplete.
#
#  Out of Memory Error (t:/workspace/open/src/hotspot/os/windows/os_windows.cpp:3254), pid=14776, tid=4376
#
# JRE version:  (12.0.1+12) (build )
# Java VM: Java HotSpot(TM) 64-Bit Server VM (12.0.1+12, mixed mode, aot, sharing, tiered, compressed oops, g1 gc, windows-amd64)
# No core dump will be written. Minidumps are not enabled by default on client versions of Windows
#

---------------  S U M M A R Y ------------

Command Line: -Dfile.encoding=Cp1252 --module-path=E:\Information_Technology\Software\JAVA Packages\ojdbc6.jar controller.Main

Host: Intel(R) Core(TM) i3-6006U CPU @ 2.00GHz, 4 cores, 11G,  Windows 10 , 64 bit Build 18362 (10.0.18362.1110)
Time: Sat Nov  7 12:40:43 2020 India Standard Time elapsed time: 0 seconds (0d 0h 0m 0s)

---------------  T H R E A D  ---------------

Current thread (0x0000025d8d7f6800):  JavaThread "Unknown thread" [_thread_in_vm, id=4376, stack(0x000000dc95c00000,0x000000dc95d00000)]

Stack: [0x000000dc95c00000,0x000000dc95d00000]
Native frames: (J=compiled Java code, j=interpreted, Vv=VM code, C=native code)
V  [jvm.dll+0x63948a]
V  [jvm.dll+0x78b31f]
V  [jvm.dll+0x78c9c1]
V  [jvm.dll+0x78d013]
V  [jvm.dll+0x262138]
V  [jvm.dll+0x63698a]
V  [jvm.dll+0x62b505]
V  [jvm.dll+0x31d9bc]
V  [jvm.dll+0x31d7ef]
V  [jvm.dll+0x323526]
V  [jvm.dll+0x370f76]
V  [jvm.dll+0x370750]
V  [jvm.dll+0x2f786a]
V  [jvm.dll+0x2f8af2]
V  [jvm.dll+0x7657b7]
V  [jvm.dll+0x766e95]
V  [jvm.dll+0x37f089]
V  [jvm.dll+0x749b14]
V  [jvm.dll+0x3ee48d]
V  [jvm.dll+0x3f03c1]
C  [jli.dll+0x51cf]
C  [ucrtbase.dll+0x210b2]
C  [KERNEL32.DLL+0x17c24]
C  [ntdll.dll+0x6cea1]


---------------  P R O C E S S  ---------------

Threads class SMR info:
_java_thread_list=0x00007ffe058d48e8, length=0, elements={
}

Java Threads: ( => current thread )

Other Threads:
  0x0000025d8d849000 GCTaskThread "GC Thread#0" [stack: 0x000000dc95d00000,0x000000dc95e00000] [id=14516]
  0x0000025d8d860000 ConcurrentGCThread "G1 Main Marker" [stack: 0x000000dc95e00000,0x000000dc95f00000] [id=8860]
  0x0000025d8d867800 ConcurrentGCThread "G1 Conc#0" [stack: 0x000000dc95f00000,0x000000dc96000000] [id=4712]

[error occurred during error reporting (printing all threads), id 0xc0000005, EXCEPTION_ACCESS_VIOLATION (0xc0000005) at pc=0x00007ffe05107a37]

VM state:not at safepoint (not fully initialized)

VM Mutex/Monitor currently owned by a thread:  ([mutex/lock_event])
[0x0000025d8d7f1f20] Heap_lock - owner thread: 0x0000025d8d7f6800

Heap address: 0x0000000741600000, size: 3050 MB, Compressed Oops mode: Non-zero based: 0x0000000741600000
Narrow klass base: 0x0000000000000000, Narrow klass shift: 0

GC Heap History (0 events):
No events

Deoptimization events (0 events):
No events

Classes redefined (0 events):
No events

Internal exceptions (0 events):
No events

Events (0 events):
No events


Dynamic libraries:
0x00007ff72c290000 - 0x00007ff72c29f000 	C:\Program Files\Java\jdk-12.0.1\bin\javaw.exe
0x00007ffe57dc0000 - 0x00007ffe57fb0000 	C:\WINDOWS\SYSTEM32\ntdll.dll
0x00007ffe56cd0000 - 0x00007ffe56d82000 	C:\WINDOWS\System32\KERNEL32.DLL
0x00007ffe55520000 - 0x00007ffe557c5000 	C:\WINDOWS\System32\KERNELBASE.dll
0x00007ffe55a70000 - 0x00007ffe55b6a000 	C:\WINDOWS\System32\ucrtbase.dll
0x00007ffe4a850000 - 0x00007ffe4a866000 	C:\Program Files\Java\jdk-12.0.1\bin\VCRUNTIME140.dll
0x00007ffe4a870000 - 0x00007ffe4a888000 	C:\Program Files\Java\jdk-12.0.1\bin\jli.dll
0x00007ffe56c20000 - 0x00007ffe56cc3000 	C:\WINDOWS\System32\ADVAPI32.dll
0x00007ffe56a20000 - 0x00007ffe56abe000 	C:\WINDOWS\System32\msvcrt.dll
0x00007ffe57ac0000 - 0x00007ffe57b57000 	C:\WINDOWS\System32\sechost.dll
0x00007ffe56b00000 - 0x00007ffe56c20000 	C:\WINDOWS\System32\RPCRT4.dll
0x00007ffe578f0000 - 0x00007ffe57a84000 	C:\WINDOWS\System32\USER32.dll
0x00007ffe559c0000 - 0x00007ffe559e1000 	C:\WINDOWS\System32\win32u.dll
0x00007ffe56ac0000 - 0x00007ffe56ae6000 	C:\WINDOWS\System32\GDI32.dll
0x00007ffe55b70000 - 0x00007ffe55d06000 	C:\WINDOWS\System32\gdi32full.dll
0x00007ffe3fac0000 - 0x00007ffe3fd44000 	C:\WINDOWS\WinSxS\amd64_microsoft.windows.common-controls_6595b64144ccf1df_6.0.18362.1139_none_9e7bf2d3e4605ac6\COMCTL32.dll
0x00007ffe55920000 - 0x00007ffe559be000 	C:\WINDOWS\System32\msvcp_win.dll
0x00007ffe55e70000 - 0x00007ffe561a5000 	C:\WINDOWS\System32\combase.dll
0x00007ffe55dc0000 - 0x00007ffe55e40000 	C:\WINDOWS\System32\bcryptPrimitives.dll
0x00007ffe4d960000 - 0x00007ffe4d96a000 	C:\WINDOWS\SYSTEM32\VERSION.dll
0x00007ffe57a90000 - 0x00007ffe57abe000 	C:\WINDOWS\System32\IMM32.DLL
0x00007ffe36b60000 - 0x00007ffe36c0a000 	C:\Program Files\Java\jdk-12.0.1\bin\msvcp140.dll
0x00007ffe04e00000 - 0x00007ffe05974000 	C:\Program Files\Java\jdk-12.0.1\bin\server\jvm.dll
0x00007ffe56af0000 - 0x00007ffe56af8000 	C:\WINDOWS\System32\PSAPI.DLL
0x00007ffe3e9a0000 - 0x00007ffe3e9a9000 	C:\WINDOWS\SYSTEM32\WSOCK32.dll
0x00007ffe56f10000 - 0x00007ffe56f7f000 	C:\WINDOWS\System32\WS2_32.dll
0x00007ffe528c0000 - 0x00007ffe528e4000 	C:\WINDOWS\SYSTEM32\WINMM.dll
0x00007ffe52520000 - 0x00007ffe5254d000 	C:\WINDOWS\SYSTEM32\WINMMBASE.dll
0x00007ffe554d0000 - 0x00007ffe5551a000 	C:\WINDOWS\System32\cfgmgr32.dll
0x00007ffe54ce0000 - 0x00007ffe54cf1000 	C:\WINDOWS\System32\kernel.appcore.dll
0x00007ffe4f550000 - 0x00007ffe4f561000 	C:\Program Files\Java\jdk-12.0.1\bin\verify.dll
0x00007ffe53410000 - 0x00007ffe53604000 	C:\WINDOWS\SYSTEM32\DBGHELP.DLL
0x00007ffe3cb00000 - 0x00007ffe3cb2a000 	C:\WINDOWS\SYSTEM32\dbgcore.DLL
0x00007ffe44dd0000 - 0x00007ffe44df6000 	C:\Program Files\Java\jdk-12.0.1\bin\java.dll
0x00007ffe4a690000 - 0x00007ffe4a6a7000 	C:\Program Files\Java\jdk-12.0.1\bin\zip.dll
0x00007ffe4f510000 - 0x00007ffe4f51a000 	C:\Program Files\Java\jdk-12.0.1\bin\jimage.dll

dbghelp: loaded successfully - version: 4.0.5 - missing functions: none
symbol engine: initialized successfully - sym options: 0x614 - pdb path: .;C:\Program Files\Java\jdk-12.0.1\bin;C:\WINDOWS\SYSTEM32;C:\WINDOWS\WinSxS\amd64_microsoft.windows.common-controls_6595b64144ccf1df_6.0.18362.1139_none_9e7bf2d3e4605ac6;C:\Program Files\Java\jdk-12.0.1\bin\server

VM Arguments:
jvm_args: -Dfile.encoding=Cp1252 --module-path=E:\Information_Technology\Software\JAVA Packages\ojdbc6.jar 
java_command: controller.Main
java_class_path (initial): E:\Information_Technology\Project\JAVA\Test-Taker\bin
Launcher Type: SUN_STANDARD

[Global flags]
     intx CICompilerCount                          = 3                                         {product} {ergonomic}
     uint ConcGCThreads                            = 1                                         {product} {ergonomic}
     uint G1ConcRefinementThreads                  = 4                                         {product} {ergonomic}
   size_t G1HeapRegionSize                         = 1048576                                   {product} {ergonomic}
    uintx GCDrainStackTargetSize                   = 64                                        {product} {ergonomic}
   size_t InitialHeapSize                          = 201326592                                 {product} {ergonomic}
   size_t MarkStackSize                            = 4194304                                   {product} {ergonomic}
   size_t MaxHeapSize                              = 3198156800                                {product} {ergonomic}
   size_t MinHeapDeltaBytes                        = 1048576                                   {product} {ergonomic}
    uintx NonNMethodCodeHeapSize                   = 5830732                                {pd product} {ergonomic}
    uintx NonProfiledCodeHeapSize                  = 122913754                              {pd product} {ergonomic}
    uintx ProfiledCodeHeapSize                     = 122913754                              {pd product} {ergonomic}
    uintx ReservedCodeCacheSize                    = 251658240                              {pd product} {ergonomic}
     bool SegmentedCodeCache                       = true                                      {product} {ergonomic}
     bool UseCompressedClassPointers               = true                                 {lp64_product} {ergonomic}
     bool UseCompressedOops                        = true                                 {lp64_product} {ergonomic}
     bool UseG1GC                                  = true                                      {product} {ergonomic}
     bool UseLargePagesIndividualAllocation        = false                                  {pd product} {ergonomic}

Logging:
Log output configuration:
 #0: stdout all=warning uptime,level,tags
 #1: stderr all=off uptime,level,tags

Environment Variables:
CLASSPATH=C:\Program Files (x86)\Apache Software Foundation\Tomcat 9.0\lib
PATH=C:/Program Files/Java/jdk-12.0.1/bin/server;C:/Program Files/Java/jdk-12.0.1/bin;C:\oraclexe\app\oracle\product\11.2.0\server\bin;;C:\Program Files (x86)\Common Files\Oracle\Java\javapath;C:\Program Files (x86)\Intel\Intel(R) Management Engine Components\iCLS\;C:\Program Files\Intel\Intel(R) Management Engine Components\iCLS\;C:\WINDOWS\system32;C:\WINDOWS;C:\WINDOWS\System32\Wbem;C:\WINDOWS\System32\WindowsPowerShell\v1.0\;C:\WINDOWS\System32\OpenSSH\;C:\Program Files (x86)\Intel\Intel(R) Management Engine Components\DAL;C:\Program Files\Intel\Intel(R) Management Engine Components\DAL;C:\Program Files (x86)\Intel\Intel(R) Management Engine Components\IPT;C:\Program Files\Intel\Intel(R) Management Engine Components\IPT;C:\Program Files\nodejs\;C:\Program Files\Git\cmd;C:\Program Files\Java\jdk-12.0.1\bin;C:\Users\Ravi Kachhadiya\AppData\Local\Microsoft\WindowsApps;C:\ProgramData\Ravi Kachhadiya\atom\bin;C:\Users\Ravi Kachhadiya\AppData\Roaming\npm;C:\Users\Ravi Kachhadiya\AppData\Local\Programs\Microsoft VS Code\bin;C:\src\flutter\bin;C:\Program Files (x86)\Apache Software Foundation\Tomcat 9.0\lib\servlet-api.jar;C:\Program Files (x86)\Apache Software Foundation\Tomcat 9.0\bin;C:\Program Files (x86)\Apache Software Foundation\Tomcat 9.0\lib\servlet-api.jar;;C:\Users\Ravi Kachhadiya\Desktop;
USERNAME=Ravi_Kachhadiya
OS=Windows_NT
PROCESSOR_IDENTIFIER=Intel64 Family 6 Model 78 Stepping 3, GenuineIntel



---------------  S Y S T E M  ---------------

OS: Windows 10 , 64 bit Build 18362 (10.0.18362.1110)

CPU:total 4 (initial active 4) (2 cores per cpu, 2 threads per core) family 6 model 78 stepping 3, cmov, cx8, fxsr, mmx, sse, sse2, sse3, ssse3, sse4.1, sse4.2, popcnt, avx, avx2, aes, clmul, erms, 3dnowpref, lzcnt, ht, tsc, tscinvbit, bmi1, bmi2, adx, fma

Memory: 4k page, system-wide physical 12193M (2752M free)
TotalPageFile size 18332M (AvailPageFile size 134M)
current process WorkingSet (physical memory assigned to process): 10M, peak: 10M
current process commit charge ("private bytes"): 52M, peak: 244M

vm_info: Java HotSpot(TM) 64-Bit Server VM (12.0.1+12) for windows-amd64 JRE (12.0.1+12), built on Apr  2 2019 14:02:19 by "mach5one" with MS VC++ 15.5 (VS2017)

END.
